(20/07/2024) WARNING -> Unable to locate file for gojo (/Users/supertaro/Documents/SIT102_CODE/Scene/images/gojo.png) [raised in images.cpp:102]
(20/07/2024) WARNING -> Unable to locate file for sprite1 (/Users/supertaro/Documents/SIT102_CODE/Scene/images/sprite1.png) [raised in images.cpp:102]
(20/07/2024) WARNING -> Unable to locate file for sprite2 (/Users/supertaro/Documents/SIT102_CODE/Scene/images/sprite2.png) [raised in images.cpp:102]
(20/07/2024) WARNING -> Unable to locate file for effect1 (/Users/supertaro/Documents/SIT102_CODE/Scene/sounds/effect1.wav) [raised in sound.cpp:79]
(20/07/2024) WARNING -> Unable to locate file for effect2 (/Users/supertaro/Documents/SIT102_CODE/Scene/sounds/effect2.wav) [raised in sound.cpp:79]
(20/07/2024) WARNING -> Error trying to draw bitmap: passed in bmp is an invalid bitmap pointer. [raised in images.cpp:230]
(20/07/2024) WARNING -> Error trying to draw bitmap: passed in bmp is an invalid bitmap pointer. [raised in images.cpp:230]
(20/07/2024) WARNING -> Play Sound Effect called, but no valid sound effect supplied [raised in sound.cpp:137]
(20/07/2024) WARNING -> Error trying to draw bitmap: passed in bmp is an invalid bitmap pointer. [raised in images.cpp:230]
(20/07/2024) WARNING -> Error trying to draw bitmap: passed in bmp is an invalid bitmap pointer. [raised in images.cpp:230]
(20/07/2024) WARNING -> Play Sound Effect called, but no valid sound effect supplied [raised in sound.cpp:137]
(20/07/2024) WARNING -> Unable to locate file for sprite1 (/Users/supertaro/Documents/SIT102_CODE/Scene/images/sprite1.png) [raised in images.cpp:102]
(20/07/2024) WARNING -> Unable to locate file for sprite2 (/Users/supertaro/Documents/SIT102_CODE/Scene/images/sprite2.png) [raised in images.cpp:102]
(20/07/2024) WARNING -> Unable to locate file for effect1 (/Users/supertaro/Documents/SIT102_CODE/Scene/sounds/effect1.wav) [raised in sound.cpp:79]
(20/07/2024) WARNING -> Unable to locate file for effect2 (/Users/supertaro/Documents/SIT102_CODE/Scene/sounds/effect2.wav) [raised in sound.cpp:79]
(20/07/2024) WARNING -> Error trying to draw bitmap: passed in bmp is an invalid bitmap pointer. [raised in images.cpp:230]
(20/07/2024) WARNING -> Error trying to draw bitmap: passed in bmp is an invalid bitmap pointer. [raised in images.cpp:230]
(20/07/2024) WARNING -> Play Sound Effect called, but no valid sound effect supplied [raised in sound.cpp:137]
(20/07/2024) WARNING -> Error trying to draw bitmap: passed in bmp is an invalid bitmap pointer. [raised in images.cpp:230]
(20/07/2024) WARNING -> Error trying to draw bitmap: passed in bmp is an invalid bitmap pointer. [raised in images.cpp:230]
(20/07/2024) WARNING -> Play Sound Effect called, but no valid sound effect supplied [raised in sound.cpp:137]
(20/07/2024) WARNING -> Unable to locate file for background (/Users/supertaro/Documents/SIT102_CODE/Scene/Resources/images/gojo.png) [raised in images.cpp:102]
(20/07/2024) WARNING -> Unable to locate file for sprite1 (/Users/supertaro/Documents/SIT102_CODE/Scene/Resources/images/sprite1.png) [raised in images.cpp:102]
(20/07/2024) WARNING -> Unable to locate file for sprite2 (/Users/supertaro/Documents/SIT102_CODE/Scene/Resources/images/sprite2.png) [raised in images.cpp:102]
(20/07/2024) WARNING -> Unable to locate file for effect2 (/Users/supertaro/Documents/SIT102_CODE/Scene/Resources/sounds/effect2.wav) [raised in sound.cpp:79]
(20/07/2024) WARNING -> Error trying to draw bitmap: passed in bmp is an invalid bitmap pointer. [raised in images.cpp:230]
(20/07/2024) WARNING -> Error trying to draw bitmap: passed in bmp is an invalid bitmap pointer. [raised in images.cpp:230]
(20/07/2024) WARNING -> Play Sound Effect called, but no valid sound effect supplied [raised in sound.cpp:137]
(20/07/2024) WARNING -> Error trying to draw bitmap: passed in bmp is an invalid bitmap pointer. [raised in images.cpp:230]
(20/07/2024) WARNING -> Error trying to draw bitmap: passed in bmp is an invalid bitmap pointer. [raised in images.cpp:230]
(20/07/2024) WARNING -> Play Sound Effect called, but no valid sound effect supplied [raised in sound.cpp:137]
(20/07/2024) WARNING -> Unable to locate file for sprite1 (/Users/supertaro/Documents/SIT102_CODE/Scene/Resources/images/sprite1.png) [raised in images.cpp:102]
(20/07/2024) WARNING -> Unable to locate file for sprite2 (/Users/supertaro/Documents/SIT102_CODE/Scene/Resources/images/sprite2.png) [raised in images.cpp:102]
(20/07/2024) WARNING -> Unable to locate file for effect2 (/Users/supertaro/Documents/SIT102_CODE/Scene/Resources/sounds/effect2.wav) [raised in sound.cpp:79]
(20/07/2024) WARNING -> Error trying to draw bitmap: passed in bmp is an invalid bitmap pointer. [raised in images.cpp:230]
(20/07/2024) WARNING -> Error trying to draw bitmap: passed in bmp is an invalid bitmap pointer. [raised in images.cpp:230]
(20/07/2024) WARNING -> Play Sound Effect called, but no valid sound effect supplied [raised in sound.cpp:137]
(20/07/2024) WARNING -> Error trying to draw bitmap: passed in bmp is an invalid bitmap pointer. [raised in images.cpp:230]
(20/07/2024) WARNING -> Error trying to draw bitmap: passed in bmp is an invalid bitmap pointer. [raised in images.cpp:230]
(20/07/2024) WARNING -> Play Sound Effect called, but no valid sound effect supplied [raised in sound.cpp:137]
(20/07/2024) WARNING -> Unable to locate file for sprite1 (/Users/supertaro/Documents/SIT102_CODE/Scene/Resources/images/sprite1.png) [raised in images.cpp:102]
(20/07/2024) WARNING -> Unable to locate file for sprite2 (/Users/supertaro/Documents/SIT102_CODE/Scene/Resources/images/sprite2.png) [raised in images.cpp:102]
(20/07/2024) WARNING -> Unable to locate file for effect1 (/Users/supertaro/Documents/SIT102_CODE/Scene/Resources/sounds/effect1.wav) [raised in sound.cpp:79]
(20/07/2024) WARNING -> Unable to locate file for effect2 (/Users/supertaro/Documents/SIT102_CODE/Scene/Resources/sounds/effect2.wav) [raised in sound.cpp:79]
(20/07/2024) WARNING -> Error trying to draw bitmap: passed in bmp is an invalid bitmap pointer. [raised in images.cpp:230]
(20/07/2024) WARNING -> Play Sound Effect called, but no valid sound effect supplied [raised in sound.cpp:137]
(20/07/2024) WARNING -> Error trying to draw bitmap: passed in bmp is an invalid bitmap pointer. [raised in images.cpp:230]
(20/07/2024) WARNING -> Play Sound Effect called, but no valid sound effect supplied [raised in sound.cpp:137]
(20/07/2024) WARNING -> Unable to locate file for sprite1 (/Users/supertaro/Documents/SIT102_CODE/Scene/Resources/images/sprite1.png) [raised in images.cpp:102]
(20/07/2024) WARNING -> Unable to locate file for sprite2 (/Users/supertaro/Documents/SIT102_CODE/Scene/Resources/images/sprite2.png) [raised in images.cpp:102]
(20/07/2024) WARNING -> Unable to locate file for effect2 (/Users/supertaro/Documents/SIT102_CODE/Scene/Resources/sounds/effect2.wav) [raised in sound.cpp:79]
(20/07/2024) WARNING -> Error trying to draw bitmap: passed in bmp is an invalid bitmap pointer. [raised in images.cpp:230]
(20/07/2024) WARNING -> Error trying to draw bitmap: passed in bmp is an invalid bitmap pointer. [raised in images.cpp:230]
(20/07/2024) WARNING -> Play Sound Effect called, but no valid sound effect supplied [raised in sound.cpp:137]
(20/07/2024) WARNING -> Unable to locate file for sprite2 (/Users/supertaro/Documents/SIT102_CODE/Scene/Resources/images/sprite2.png) [raised in images.cpp:102]
(20/07/2024) WARNING -> Unable to locate file for effect2 (/Users/supertaro/Documents/SIT102_CODE/Scene/Resources/sounds/effect2.wav) [raised in sound.cpp:79]
(20/07/2024) WARNING -> Error trying to draw bitmap: passed in bmp is an invalid bitmap pointer. [raised in images.cpp:230]
(20/07/2024) WARNING -> Play Sound Effect called, but no valid sound effect supplied [raised in sound.cpp:137]
(20/07/2024) WARNING -> Unable to locate file for sprite2 (/Users/supertaro/Documents/SIT102_CODE/Scene/Resources/images/sprite2.png) [raised in images.cpp:102]
(20/07/2024) WARNING -> Unable to locate file for effect2 (/Users/supertaro/Documents/SIT102_CODE/Scene/Resources/sounds/effect2.wav) [raised in sound.cpp:79]
(20/07/2024) WARNING -> Error trying to draw bitmap: passed in bmp is an invalid bitmap pointer. [raised in images.cpp:230]
(20/07/2024) WARNING -> Play Sound Effect called, but no valid sound effect supplied [raised in sound.cpp:137]
(20/07/2024) WARNING -> Unable to locate file for sprite2 (/Users/supertaro/Documents/SIT102_CODE/Scene/Resources/images/sprite2.png) [raised in images.cpp:102]
(20/07/2024) WARNING -> Unable to locate file for effect2 (/Users/supertaro/Documents/SIT102_CODE/Scene/Resources/sounds/effect2.wav) [raised in sound.cpp:79]
(20/07/2024) WARNING -> Error trying to draw bitmap: passed in bmp is an invalid bitmap pointer. [raised in images.cpp:230]
(20/07/2024) WARNING -> Play Sound Effect called, but no valid sound effect supplied [raised in sound.cpp:137]
(20/07/2024) WARNING -> Unable to locate file for sprite1 (/Users/supertaro/Documents/SIT102_CODE/Scene/Resources/images/sprite1.png) [raised in images.cpp:102]
(20/07/2024) WARNING -> Error trying to draw bitmap: passed in bmp is an invalid bitmap pointer. [raised in images.cpp:230]
(20/07/2024) WARNING -> Unable to locate file for sprite1 (/Users/supertaro/Documents/SIT102_CODE/Scene/Resources/images/Resources/images/sprite1.png) [raised in images.cpp:102]
(20/07/2024) WARNING -> Error trying to draw bitmap: passed in bmp is an invalid bitmap pointer. [raised in images.cpp:230]
(20/07/2024) WARNING -> Unable to locate file for sprite1 (/Users/supertaro/Documents/SIT102_CODE/Scene/Resources/images/sprite1.png) [raised in images.cpp:102]
(20/07/2024) WARNING -> Error trying to draw bitmap: passed in bmp is an invalid bitmap pointer. [raised in images.cpp:230]
(21/07/2024) WARNING -> Unable to locate file for sprite (/Users/supertaro/Documents/SIT102_CODE/Scene/Resources/images/sprite.png) [raised in images.cpp:102]
(21/07/2024) WARNING -> Error trying to draw bitmap: passed in bmp is an invalid bitmap pointer. [raised in images.cpp:230]
(21/07/2024) WARNING -> Error trying to draw bitmap: passed in bmp is an invalid bitmap pointer. [raised in images.cpp:230]
(21/07/2024) WARNING -> Unable to locate file for background1 (/Users/supertaro/Documents/SIT102_CODE/Scene/Resources/images/background1.png) [raised in images.cpp:102]
(21/07/2024) WARNING -> Unable to locate file for background2 (/Users/supertaro/Documents/SIT102_CODE/Scene/Resources/images/background2.png) [raised in images.cpp:102]
(21/07/2024) WARNING -> Error trying to draw bitmap: passed in bmp is an invalid bitmap pointer. [raised in images.cpp:230]
(21/07/2024) WARNING -> Error trying to draw bitmap: passed in bmp is an invalid bitmap pointer. [raised in images.cpp:230]
(21/07/2024) WARNING -> Unable to locate file for background1 (/Users/supertaro/Documents/SIT102_CODE/Scene/Resources/images/background1.png) [raised in images.cpp:102]
(21/07/2024) WARNING -> Error trying to draw bitmap: passed in bmp is an invalid bitmap pointer. [raised in images.cpp:230]
(21/07/2024) WARNING -> Error trying to draw bitmap: passed in bmp is an invalid bitmap pointer. [raised in images.cpp:230]
(21/07/2024) WARNING -> Unable to locate file for background1 (/Users/supertaro/Documents/SIT102_CODE/Scene/Resources/images/background1.png) [raised in images.cpp:102]
(21/07/2024) WARNING -> Unable to locate file for background2 (/Users/supertaro/Documents/SIT102_CODE/Scene/Resources/images/background2.png) [raised in images.cpp:102]
(21/07/2024) WARNING -> Error trying to draw bitmap: passed in bmp is an invalid bitmap pointer. [raised in images.cpp:230]
(21/07/2024) WARNING -> Error trying to draw bitmap: passed in bmp is an invalid bitmap pointer. [raised in images.cpp:230]
